[0.688s] Invoking command in '/home/kouta/ros2_ws/src/build/person_msgs': CMAKE_PREFIX_PATH=${CMAKE_PREFIX_PATH}:/home/kouta/ros2_ws/install/mypkg:/opt/ros/foxy /usr/bin/cmake --build /home/kouta/ros2_ws/src/build/person_msgs -- -j8 -l8
[0.953s] -- Found ament_cmake: 0.9.12 (/opt/ros/foxy/share/ament_cmake/cmake)
[0.987s] -- Using PYTHON_EXECUTABLE: /usr/bin/python3
[1.203s] -- Found rosidl_default_generators: 1.0.1 (/opt/ros/foxy/share/rosidl_default_generators/cmake)
[1.215s] -- Using all available rosidl_typesupport_c: rosidl_typesupport_fastrtps_c;rosidl_typesupport_introspection_c
[1.230s] -- Found rosidl_adapter: 1.3.1 (/opt/ros/foxy/share/rosidl_adapter/cmake)
[3.681s] -- Found OpenSSL: /usr/lib/x86_64-linux-gnu/libcrypto.so (found version "1.1.1f")  
[5.861s] -- Found FastRTPS: /opt/ros/foxy/include  
[10.802s] -- Using all available rosidl_typesupport_cpp: rosidl_typesupport_fastrtps_cpp;rosidl_typesupport_introspection_cpp
[10.908s] -- Found PythonInterp: /usr/bin/python3 (found version "3.8.10") 
[11.309s] CMake Error at /opt/ros/foxy/share/rosidl_adapter/cmake/rosidl_adapt_interfaces.cmake:60 (message):
[11.309s]   execute_process(/usr/bin/python3 -m rosidl_adapter --package-name
[11.309s]   person_msgs --arguments-file
[11.309s]   /home/kouta/ros2_ws/src/build/person_msgs/rosidl_adapter__arguments__person_msgs.json
[11.309s]   --output-dir
[11.309s]   /home/kouta/ros2_ws/src/build/person_msgs/rosidl_adapter/person_msgs
[11.309s]   --output-file
[11.310s]   /home/kouta/ros2_ws/src/build/person_msgs/rosidl_adapter/person_msgs.idls)
[11.310s]   returned error code 1:
[11.310s] 
[11.310s]   Error processing ' string name' of 'person_msgs/Person': 'string index out
[11.310s]   of range'
[11.310s] 
[11.310s]   Traceback (most recent call last):
[11.311s] 
[11.311s]     File "/usr/lib/python3.8/runpy.py", line 194, in _run_module_as_main
[11.311s]       return _run_code(code, main_globals, None,
[11.311s]     File "/usr/lib/python3.8/runpy.py", line 87, in _run_code
[11.311s]       exec(code, run_globals)
[11.311s]     File "/opt/ros/foxy/lib/python3.8/site-packages/rosidl_adapter/__main__.py", line 19, in <module>
[11.311s]       sys.exit(main())
[11.311s]     File "/opt/ros/foxy/lib/python3.8/site-packages/rosidl_adapter/main.py", line 53, in main
[11.311s]       abs_idl_file = convert_to_idl(
[11.311s]     File "/opt/ros/foxy/lib/python3.8/site-packages/rosidl_adapter/__init__.py", line 19, in convert_to_idl
[11.311s]       return convert_msg_to_idl(
[11.312s]     File "/opt/ros/foxy/lib/python3.8/site-packages/rosidl_adapter/msg/__init__.py", line 28, in convert_msg_to_idl
[11.312s]       msg = parse_message_string(package_name, input_file.stem, content)
[11.312s]     File "/opt/ros/foxy/lib/python3.8/site-packages/rosidl_adapter/parser.py", line 516, in parse_message_string
[11.312s]       Type(type_string, context_package_name=pkg_name),
[11.312s]     File "/opt/ros/foxy/lib/python3.8/site-packages/rosidl_adapter/parser.py", line 240, in __init__
[11.312s]       self.is_array = type_string[-1] == ']'
[11.312s] 
[11.312s]   IndexError: string index out of range
[11.312s] 
[11.312s] Call Stack (most recent call first):
[11.312s]   /opt/ros/foxy/share/rosidl_cmake/cmake/rosidl_generate_interfaces.cmake:130 (rosidl_adapt_interfaces)
[11.312s]   CMakeLists.txt:21 (rosidl_generate_interfaces)
[11.312s] 
[11.313s] 
[11.313s] -- Configuring incomplete, errors occurred!
[11.313s] See also "/home/kouta/ros2_ws/src/build/person_msgs/CMakeFiles/CMakeOutput.log".
[11.330s] make: *** [Makefile:222: cmake_check_build_system] Error 1
[11.332s] Invoked command in '/home/kouta/ros2_ws/src/build/person_msgs' returned '2': CMAKE_PREFIX_PATH=${CMAKE_PREFIX_PATH}:/home/kouta/ros2_ws/install/mypkg:/opt/ros/foxy /usr/bin/cmake --build /home/kouta/ros2_ws/src/build/person_msgs -- -j8 -l8
